<?xml version="1.0" encoding="UTF-8"?>
<testng-results skipped="0" failed="0" ignored="0" total="1" passed="1">
  <reporter-output>
  </reporter-output>
  <suite name="Default suite" duration-ms="3704" started-at="2020-01-09T14:40:11 IST" finished-at="2020-01-09T14:40:15 IST">
    <groups>
    </groups>
    <test name="Default test" duration-ms="3704" started-at="2020-01-09T14:40:11 IST" finished-at="2020-01-09T14:40:15 IST">
      <class name="Test_cases.Logout_test_case">
        <test-method status="PASS" signature="browserSetUp()[pri:0, instance:Test_cases.Logout_test_case@3349e9bb]" name="browserSetUp" is-config="true" duration-ms="12279" started-at="2020-01-09T14:39:59 IST" finished-at="2020-01-09T14:40:11 IST">
          <reporter-output>
          </reporter-output>
        </test-method> <!-- browserSetUp -->
        <test-method status="PASS" signature="Logout_tc()[pri:0, instance:Test_cases.Logout_test_case@3349e9bb]" name="Logout_tc" duration-ms="3514" started-at="2020-01-09T14:40:11 IST" finished-at="2020-01-09T14:40:15 IST">
          <reporter-output>
          </reporter-output>
        </test-method> <!-- Logout_tc -->
      </class> <!-- Test_cases.Logout_test_case -->
    </test> <!-- Default test -->
  </suite> <!-- Default suite -->
</testng-results>
